0 info it worked if it ends with ok
1 verbose cli [ '/usr/local/bin/node', '/usr/local/bin/npm', 'run', 'test' ]
2 info using npm@4.0.5
3 info using node@v7.4.0
4 verbose run-script [ 'pretest', 'test', 'posttest' ]
5 info lifecycle rss-to-json-feed@0.0.1~pretest: rss-to-json-feed@0.0.1
6 silly lifecycle rss-to-json-feed@0.0.1~pretest: no script for pretest, continuing
7 info lifecycle rss-to-json-feed@0.0.1~test: rss-to-json-feed@0.0.1
8 verbose lifecycle rss-to-json-feed@0.0.1~test: unsafe-perm in lifecycle true
9 verbose lifecycle rss-to-json-feed@0.0.1~test: PATH: /usr/local/lib/node_modules/npm/bin/node-gyp-bin:/home/casey/Documents/code/rss-to-json-feed/node_modules/.bin:/home/casey/bin:/home/casey/.local/bin:/usr/local/sbin:/usr/local/bin:/usr/sbin:/usr/bin:/sbin:/bin:/usr/games:/usr/local/games:/snap/bin
10 verbose lifecycle rss-to-json-feed@0.0.1~test: CWD: /home/casey/Documents/code/rss-to-json-feed
11 silly lifecycle rss-to-json-feed@0.0.1~test: Args: [ '-c', 'mocha' ]
12 silly lifecycle rss-to-json-feed@0.0.1~test: Returned: code: 2  signal: null
13 info lifecycle rss-to-json-feed@0.0.1~test: Failed to exec test script
14 verbose stack Error: rss-to-json-feed@0.0.1 test: `mocha`
14 verbose stack Exit status 2
14 verbose stack     at EventEmitter.<anonymous> (/usr/local/lib/node_modules/npm/lib/utils/lifecycle.js:279:16)
14 verbose stack     at emitTwo (events.js:106:13)
14 verbose stack     at EventEmitter.emit (events.js:191:7)
14 verbose stack     at ChildProcess.<anonymous> (/usr/local/lib/node_modules/npm/lib/utils/spawn.js:40:14)
14 verbose stack     at emitTwo (events.js:106:13)
14 verbose stack     at ChildProcess.emit (events.js:191:7)
14 verbose stack     at maybeClose (internal/child_process.js:885:16)
14 verbose stack     at Process.ChildProcess._handle.onexit (internal/child_process.js:226:5)
15 verbose pkgid rss-to-json-feed@0.0.1
16 verbose cwd /home/casey/Documents/code/rss-to-json-feed
17 error Linux 4.4.0-96-generic
18 error argv "/usr/local/bin/node" "/usr/local/bin/npm" "run" "test"
19 error node v7.4.0
20 error npm  v4.0.5
21 error code ELIFECYCLE
22 error rss-to-json-feed@0.0.1 test: `mocha`
22 error Exit status 2
23 error Failed at the rss-to-json-feed@0.0.1 test script 'mocha'.
23 error Make sure you have the latest version of node.js and npm installed.
23 error If you do, this is most likely a problem with the rss-to-json-feed package,
23 error not with npm itself.
23 error Tell the author that this fails on your system:
23 error     mocha
23 error You can get information on how to open an issue for this project with:
23 error     npm bugs rss-to-json-feed
23 error Or if that isn't available, you can get their info via:
23 error     npm owner ls rss-to-json-feed
23 error There is likely additional logging output above.
24 verbose exit [ 1, true ]
